<?xml version="1.0" encoding="UTF-8"?>
<!-- Generated by org.testng.reporters.JUnitXMLReporter -->
<testsuite ignored="0" hostname="DESKTOP-OL1IA5J" failures="0" tests="6" name="Default test" time="10.974" errors="0" timestamp="2021-11-15T19:12:22 CST">
  <testcase classname="files.DynamicJson" name="addBook" time="3.677"/>
  <testcase classname="files.DynamicJson" name="addBook" time="1.326"/>
  <testcase classname="files.DynamicJson" name="addBook" time="1.295"/>
  <testcase classname="files.DynamicJson" name="deleteBook" time="1.774"/>
  <testcase classname="files.DynamicJson" name="deleteBook" time="1.29"/>
  <testcase classname="files.DynamicJson" name="deleteBook" time="1.572"/>
</testsuite> <!-- Default test -->
