<?xml version="1.0" encoding="UTF-8"?>
<testng-results ignored="0" total="6" passed="6" failed="0" skipped="0">
  <reporter-output>
  </reporter-output>
  <suite started-at="2021-11-15T19:12:11 CST" name="Default suite" finished-at="2021-11-15T19:12:22 CST" duration-ms="10974">
    <groups>
    </groups>
    <test started-at="2021-11-15T19:12:11 CST" name="Default test" finished-at="2021-11-15T19:12:22 CST" duration-ms="10974">
      <class name="files.DynamicJson">
        <test-method signature="addBook(java.lang.String,java.lang.String)[pri:0, instance:files.DynamicJson@6d2a209c]" started-at="2021-11-15T19:12:11 CST" name="addBook" data-provider="BooksDetails" finished-at="2021-11-15T19:12:14 CST" duration-ms="3677" status="PASS">
          <params>
            <param index="0">
              <value>
                <![CDATA[qoiuweih]]>
              </value>
            </param>
            <param index="1">
              <value>
                <![CDATA[123443165]]>
              </value>
            </param>
          </params>
          <reporter-output>
          </reporter-output>
        </test-method> <!-- addBook -->
        <test-method signature="addBook(java.lang.String,java.lang.String)[pri:0, instance:files.DynamicJson@6d2a209c]" started-at="2021-11-15T19:12:14 CST" name="addBook" data-provider="BooksDetails" finished-at="2021-11-15T19:12:16 CST" duration-ms="1326" status="PASS">
          <params>
            <param index="0">
              <value>
                <![CDATA[asdrry]]>
              </value>
            </param>
            <param index="1">
              <value>
                <![CDATA[4367452]]>
              </value>
            </param>
          </params>
          <reporter-output>
          </reporter-output>
        </test-method> <!-- addBook -->
        <test-method signature="addBook(java.lang.String,java.lang.String)[pri:0, instance:files.DynamicJson@6d2a209c]" started-at="2021-11-15T19:12:16 CST" name="addBook" data-provider="BooksDetails" finished-at="2021-11-15T19:12:17 CST" duration-ms="1295" status="PASS">
          <params>
            <param index="0">
              <value>
                <![CDATA[poiuoiyu]]>
              </value>
            </param>
            <param index="1">
              <value>
                <![CDATA[45676654]]>
              </value>
            </param>
          </params>
          <reporter-output>
          </reporter-output>
        </test-method> <!-- addBook -->
        <test-method signature="deleteBook(java.lang.String,java.lang.String)[pri:0, instance:files.DynamicJson@6d2a209c]" started-at="2021-11-15T19:12:17 CST" name="deleteBook" data-provider="BooksDetails" finished-at="2021-11-15T19:12:19 CST" duration-ms="1774" status="PASS">
          <params>
            <param index="0">
              <value>
                <![CDATA[qoiuweih]]>
              </value>
            </param>
            <param index="1">
              <value>
                <![CDATA[123443165]]>
              </value>
            </param>
          </params>
          <reporter-output>
          </reporter-output>
        </test-method> <!-- deleteBook -->
        <test-method signature="deleteBook(java.lang.String,java.lang.String)[pri:0, instance:files.DynamicJson@6d2a209c]" started-at="2021-11-15T19:12:19 CST" name="deleteBook" data-provider="BooksDetails" finished-at="2021-11-15T19:12:20 CST" duration-ms="1290" status="PASS">
          <params>
            <param index="0">
              <value>
                <![CDATA[asdrry]]>
              </value>
            </param>
            <param index="1">
              <value>
                <![CDATA[4367452]]>
              </value>
            </param>
          </params>
          <reporter-output>
          </reporter-output>
        </test-method> <!-- deleteBook -->
        <test-method signature="deleteBook(java.lang.String,java.lang.String)[pri:0, instance:files.DynamicJson@6d2a209c]" started-at="2021-11-15T19:12:20 CST" name="deleteBook" data-provider="BooksDetails" finished-at="2021-11-15T19:12:22 CST" duration-ms="1572" status="PASS">
          <params>
            <param index="0">
              <value>
                <![CDATA[poiuoiyu]]>
              </value>
            </param>
            <param index="1">
              <value>
                <![CDATA[45676654]]>
              </value>
            </param>
          </params>
          <reporter-output>
          </reporter-output>
        </test-method> <!-- deleteBook -->
      </class> <!-- files.DynamicJson -->
    </test> <!-- Default test -->
  </suite> <!-- Default suite -->
</testng-results>
